2026-03-03 14:34:40,352 | ERROR | snortamv.error.cli | cli Fatal crash from the cli
Traceback (most recent call last):
  File "C:\Users\DELL\Desktop\SnortAMV\cli.py", line 289, in main
    args.func(args)
    ~~~~~~~~~^^^^^^
  File "C:\Users\DELL\Desktop\SnortAMV\cli.py", line 242, in <lambda>
    func=lambda _: interactive_add_rule(ROOT)
                   ~~~~~~~~~~~~~~~~~~~~^^^^^^
  File "C:\Users\DELL\Desktop\SnortAMV\modules\configuration\setup_rules.py", line 42, in interactive_add_rule
    console.print(local_rules.read_text(), style="green")
                  ~~~~~~~~~~~~~~~~~~~~~^^
  File "C:\Users\DELL\AppData\Local\Programs\Python\Python313\Lib\pathlib\_local.py", line 546, in read_text
    return PathBase.read_text(self, encoding, errors, newline)
           ~~~~~~~~~~~~~~~~~~^^^^^^^^^^^^^^^^^^^^^^^^^^^^^^^^^
  File "C:\Users\DELL\AppData\Local\Programs\Python\Python313\Lib\pathlib\_abc.py", line 632, in read_text
    with self.open(mode='r', encoding=encoding, errors=errors, newline=newline) as f:
         ~~~~~~~~~^^^^^^^^^^^^^^^^^^^^^^^^^^^^^^^^^^^^^^^^^^^^^^^^^^^^^^^^^^^^^
  File "C:\Users\DELL\AppData\Local\Programs\Python\Python313\Lib\pathlib\_local.py", line 537, in open
    return io.open(self, mode, buffering, encoding, errors, newline)
           ~~~~~~~^^^^^^^^^^^^^^^^^^^^^^^^^^^^^^^^^^^^^^^^^^^^^^^^^^
FileNotFoundError: [Errno 2] No such file or directory: 'C:\\Users\\DELL\\Desktop\\SnortAMV\\rules\\sources\\checking.rules'
2026-03-14 11:46:01,932 | ERROR | 293 | snortamv.error.cli | cli Fatal crash from the cli
Traceback (most recent call last):
  File "C:\Users\DELL\Desktop\SnortAMV\cli.py", line 236, in main
    version=f"SnortAMV v{VERSION}",
                         ^^^^^^^
NameError: name 'VERSION' is not defined
2026-03-26 13:36:09,447 | ERROR | 141 | snortamv.error.cli | Snort run failed: Command '['powershell', '-ExecutionPolicy', 'Bypass', '-File', 'snort.ps1']' returned non-zero exit status 1.
Traceback (most recent call last):
  File "C:\Users\DELL\Desktop\SnortAMV\cli.py", line 136, in run_cmd
    subprocess.run(
    ~~~~~~~~~~~~~~^
        ["powershell", "-ExecutionPolicy", "Bypass", "-File", "snort.ps1"],
        ^^^^^^^^^^^^^^^^^^^^^^^^^^^^^^^^^^^^^^^^^^^^^^^^^^^^^^^^^^^^^^^^^^^
        check=True,
        ^^^^^^^^^^^
    )
    ^
  File "C:\Users\DELL\AppData\Local\Programs\Python\Python313\Lib\subprocess.py", line 577, in run
    raise CalledProcessError(retcode, process.args,
                             output=stdout, stderr=stderr)
subprocess.CalledProcessError: Command '['powershell', '-ExecutionPolicy', 'Bypass', '-File', 'snort.ps1']' returned non-zero exit status 1.
2026-03-26 13:36:09,482 | ERROR | 142 | snortamv.error.cli | Stdout: None
Traceback (most recent call last):
  File "C:\Users\DELL\Desktop\SnortAMV\cli.py", line 136, in run_cmd
    subprocess.run(
    ~~~~~~~~~~~~~~^
        ["powershell", "-ExecutionPolicy", "Bypass", "-File", "snort.ps1"],
        ^^^^^^^^^^^^^^^^^^^^^^^^^^^^^^^^^^^^^^^^^^^^^^^^^^^^^^^^^^^^^^^^^^^
        check=True,
        ^^^^^^^^^^^
    )
    ^
  File "C:\Users\DELL\AppData\Local\Programs\Python\Python313\Lib\subprocess.py", line 577, in run
    raise CalledProcessError(retcode, process.args,
                             output=stdout, stderr=stderr)
subprocess.CalledProcessError: Command '['powershell', '-ExecutionPolicy', 'Bypass', '-File', 'snort.ps1']' returned non-zero exit status 1.
2026-03-26 13:36:09,484 | ERROR | 143 | snortamv.error.cli | Stderr: None
Traceback (most recent call last):
  File "C:\Users\DELL\Desktop\SnortAMV\cli.py", line 136, in run_cmd
    subprocess.run(
    ~~~~~~~~~~~~~~^
        ["powershell", "-ExecutionPolicy", "Bypass", "-File", "snort.ps1"],
        ^^^^^^^^^^^^^^^^^^^^^^^^^^^^^^^^^^^^^^^^^^^^^^^^^^^^^^^^^^^^^^^^^^^
        check=True,
        ^^^^^^^^^^^
    )
    ^
  File "C:\Users\DELL\AppData\Local\Programs\Python\Python313\Lib\subprocess.py", line 577, in run
    raise CalledProcessError(retcode, process.args,
                             output=stdout, stderr=stderr)
subprocess.CalledProcessError: Command '['powershell', '-ExecutionPolicy', 'Bypass', '-File', 'snort.ps1']' returned non-zero exit status 1.
2026-03-26 13:37:41,031 | ERROR | 142 | snortamv.error.cli | Snort run failed: Command '['powershell', '-ExecutionPolicy', 'Bypass', '-File', 'snort.ps1']' returned non-zero exit status 1.
Traceback (most recent call last):
  File "C:\Users\DELL\Desktop\SnortAMV\cli.py", line 136, in run_cmd
    subprocess.run(
    ~~~~~~~~~~~~~~^
        ["powershell", "-ExecutionPolicy", "Bypass", "-File", "snort.ps1"],
        ^^^^^^^^^^^^^^^^^^^^^^^^^^^^^^^^^^^^^^^^^^^^^^^^^^^^^^^^^^^^^^^^^^^
        check=True,
        ^^^^^^^^^^^
    )
    ^
  File "C:\Users\DELL\AppData\Local\Programs\Python\Python313\Lib\subprocess.py", line 577, in run
    raise CalledProcessError(retcode, process.args,
                             output=stdout, stderr=stderr)
subprocess.CalledProcessError: Command '['powershell', '-ExecutionPolicy', 'Bypass', '-File', 'snort.ps1']' returned non-zero exit status 1.
2026-03-26 13:37:41,038 | ERROR | 143 | snortamv.error.cli | Stdout: None
Traceback (most recent call last):
  File "C:\Users\DELL\Desktop\SnortAMV\cli.py", line 136, in run_cmd
    subprocess.run(
    ~~~~~~~~~~~~~~^
        ["powershell", "-ExecutionPolicy", "Bypass", "-File", "snort.ps1"],
        ^^^^^^^^^^^^^^^^^^^^^^^^^^^^^^^^^^^^^^^^^^^^^^^^^^^^^^^^^^^^^^^^^^^
        check=True,
        ^^^^^^^^^^^
    )
    ^
  File "C:\Users\DELL\AppData\Local\Programs\Python\Python313\Lib\subprocess.py", line 577, in run
    raise CalledProcessError(retcode, process.args,
                             output=stdout, stderr=stderr)
subprocess.CalledProcessError: Command '['powershell', '-ExecutionPolicy', 'Bypass', '-File', 'snort.ps1']' returned non-zero exit status 1.
2026-03-26 13:37:41,040 | ERROR | 144 | snortamv.error.cli | Stderr: None
Traceback (most recent call last):
  File "C:\Users\DELL\Desktop\SnortAMV\cli.py", line 136, in run_cmd
    subprocess.run(
    ~~~~~~~~~~~~~~^
        ["powershell", "-ExecutionPolicy", "Bypass", "-File", "snort.ps1"],
        ^^^^^^^^^^^^^^^^^^^^^^^^^^^^^^^^^^^^^^^^^^^^^^^^^^^^^^^^^^^^^^^^^^^
        check=True,
        ^^^^^^^^^^^
    )
    ^
  File "C:\Users\DELL\AppData\Local\Programs\Python\Python313\Lib\subprocess.py", line 577, in run
    raise CalledProcessError(retcode, process.args,
                             output=stdout, stderr=stderr)
subprocess.CalledProcessError: Command '['powershell', '-ExecutionPolicy', 'Bypass', '-File', 'snort.ps1']' returned non-zero exit status 1.
2026-03-28 02:57:50,899 | ERROR | 142 | snortamv.error.cli | Snort run failed: Command '['powershell', '-ExecutionPolicy', 'Bypass', '-File', 'snort.ps1']' returned non-zero exit status 1.
Traceback (most recent call last):
  File "C:\Users\DELL\Desktop\SnortAMV\cli.py", line 136, in run_cmd
    subprocess.run(
    ~~~~~~~~~~~~~~^
        ["powershell", "-ExecutionPolicy", "Bypass", "-File", "snort.ps1"],
        ^^^^^^^^^^^^^^^^^^^^^^^^^^^^^^^^^^^^^^^^^^^^^^^^^^^^^^^^^^^^^^^^^^^
        check=True,
        ^^^^^^^^^^^
    )
    ^
  File "C:\Users\DELL\AppData\Local\Programs\Python\Python313\Lib\subprocess.py", line 577, in run
    raise CalledProcessError(retcode, process.args,
                             output=stdout, stderr=stderr)
subprocess.CalledProcessError: Command '['powershell', '-ExecutionPolicy', 'Bypass', '-File', 'snort.ps1']' returned non-zero exit status 1.
2026-03-28 02:57:51,088 | ERROR | 143 | snortamv.error.cli | Stdout: None
Traceback (most recent call last):
  File "C:\Users\DELL\Desktop\SnortAMV\cli.py", line 136, in run_cmd
    subprocess.run(
    ~~~~~~~~~~~~~~^
        ["powershell", "-ExecutionPolicy", "Bypass", "-File", "snort.ps1"],
        ^^^^^^^^^^^^^^^^^^^^^^^^^^^^^^^^^^^^^^^^^^^^^^^^^^^^^^^^^^^^^^^^^^^
        check=True,
        ^^^^^^^^^^^
    )
    ^
  File "C:\Users\DELL\AppData\Local\Programs\Python\Python313\Lib\subprocess.py", line 577, in run
    raise CalledProcessError(retcode, process.args,
                             output=stdout, stderr=stderr)
subprocess.CalledProcessError: Command '['powershell', '-ExecutionPolicy', 'Bypass', '-File', 'snort.ps1']' returned non-zero exit status 1.
2026-03-28 02:57:51,109 | ERROR | 144 | snortamv.error.cli | Stderr: None
Traceback (most recent call last):
  File "C:\Users\DELL\Desktop\SnortAMV\cli.py", line 136, in run_cmd
    subprocess.run(
    ~~~~~~~~~~~~~~^
        ["powershell", "-ExecutionPolicy", "Bypass", "-File", "snort.ps1"],
        ^^^^^^^^^^^^^^^^^^^^^^^^^^^^^^^^^^^^^^^^^^^^^^^^^^^^^^^^^^^^^^^^^^^
        check=True,
        ^^^^^^^^^^^
    )
    ^
  File "C:\Users\DELL\AppData\Local\Programs\Python\Python313\Lib\subprocess.py", line 577, in run
    raise CalledProcessError(retcode, process.args,
                             output=stdout, stderr=stderr)
subprocess.CalledProcessError: Command '['powershell', '-ExecutionPolicy', 'Bypass', '-File', 'snort.ps1']' returned non-zero exit status 1.
2026-03-28 15:22:43,761 | ERROR | 142 | snortamv.error.cli | Snort run failed: Command '['powershell', '-ExecutionPolicy', 'Bypass', '-File', 'snort.ps1']' returned non-zero exit status 1.
Traceback (most recent call last):
  File "C:\Users\DELL\Desktop\SnortAMV\cli.py", line 136, in run_cmd
    subprocess.run(
    ~~~~~~~~~~~~~~^
        ["powershell", "-ExecutionPolicy", "Bypass", "-File", "snort.ps1"],
        ^^^^^^^^^^^^^^^^^^^^^^^^^^^^^^^^^^^^^^^^^^^^^^^^^^^^^^^^^^^^^^^^^^^
        check=True,
        ^^^^^^^^^^^
    )
    ^
  File "C:\Users\DELL\AppData\Local\Programs\Python\Python313\Lib\subprocess.py", line 577, in run
    raise CalledProcessError(retcode, process.args,
                             output=stdout, stderr=stderr)
subprocess.CalledProcessError: Command '['powershell', '-ExecutionPolicy', 'Bypass', '-File', 'snort.ps1']' returned non-zero exit status 1.
2026-03-28 15:22:43,770 | ERROR | 143 | snortamv.error.cli | Stdout: None
Traceback (most recent call last):
  File "C:\Users\DELL\Desktop\SnortAMV\cli.py", line 136, in run_cmd
    subprocess.run(
    ~~~~~~~~~~~~~~^
        ["powershell", "-ExecutionPolicy", "Bypass", "-File", "snort.ps1"],
        ^^^^^^^^^^^^^^^^^^^^^^^^^^^^^^^^^^^^^^^^^^^^^^^^^^^^^^^^^^^^^^^^^^^
        check=True,
        ^^^^^^^^^^^
    )
    ^
  File "C:\Users\DELL\AppData\Local\Programs\Python\Python313\Lib\subprocess.py", line 577, in run
    raise CalledProcessError(retcode, process.args,
                             output=stdout, stderr=stderr)
subprocess.CalledProcessError: Command '['powershell', '-ExecutionPolicy', 'Bypass', '-File', 'snort.ps1']' returned non-zero exit status 1.
2026-03-28 15:22:43,771 | ERROR | 144 | snortamv.error.cli | Stderr: None
Traceback (most recent call last):
  File "C:\Users\DELL\Desktop\SnortAMV\cli.py", line 136, in run_cmd
    subprocess.run(
    ~~~~~~~~~~~~~~^
        ["powershell", "-ExecutionPolicy", "Bypass", "-File", "snort.ps1"],
        ^^^^^^^^^^^^^^^^^^^^^^^^^^^^^^^^^^^^^^^^^^^^^^^^^^^^^^^^^^^^^^^^^^^
        check=True,
        ^^^^^^^^^^^
    )
    ^
  File "C:\Users\DELL\AppData\Local\Programs\Python\Python313\Lib\subprocess.py", line 577, in run
    raise CalledProcessError(retcode, process.args,
                             output=stdout, stderr=stderr)
subprocess.CalledProcessError: Command '['powershell', '-ExecutionPolicy', 'Bypass', '-File', 'snort.ps1']' returned non-zero exit status 1.
